<?xml version="1.0" encoding="UTF-8"?>
<testsuite name="PersonalAssistantTest" tests="1" skipped="0" failures="0" errors="0" timestamp="2020-04-03T17:50:34" hostname="LAPTOP-M5BQ2OSG" time="0.05">
  <properties/>
  <testcase name="start" classname="PersonalAssistantTest" time="0.05"/>
  <system-out><![CDATA[?[1;31m
Start test 1?[0m
Hello! My name is Rishabh Gupta
I was created in 2001
]]></system-out>
  <system-err><![CDATA[]]></system-err>
</testsuite>
